> Task :gradle:checkKotlinGradlePluginConfigurationErrors SKIPPED
> Task :gradle:compileKotlin UP-TO-DATE
> Task :gradle:compileJava NO-SOURCE
> Task :gradle:compileGroovy NO-SOURCE
> Task :gradle:pluginDescriptors UP-TO-DATE
> Task :gradle:processResources UP-TO-DATE
> Task :gradle:classes UP-TO-DATE
> Task :gradle:jar UP-TO-DATE
> Task :app:DebugMinSdkCheck
> Task :app:preBuild UP-TO-DATE
> Task :app:preDebugBuild UP-TO-DATE
> Task :app:mergeDebugNativeDebugMetadata NO-SOURCE
> Task :app:checkKotlinGradlePluginConfigurationErrors SKIPPED

> Task :app:compileFlutterBuildDebug
.\gradlew.bat : lib/theme/ap
p_theme.dart:90:18: Error: 
The argument type 
'CardTheme' can't be 
assigned to the parameter 
type 'CardThemeData?'.
En línea: 1 Carácter: 56
+ ... ="C:\Android\jdk-17.0.
10+7"; .\gradlew.bat 
assembleDebug 2>&1 | Out-F 
...
+                           
       ~~~~~~~~~~~~~~~~~~~~~
~~~~~~~~~~~
    + CategoryInfo          
    : NotSpecified: (lib/t  
  heme/app_t...ardThemeDa   
 ta?'.:String) [], Remot    
eException
    + FullyQualifiedErrorId 
    : NativeCommandError
 
 - 'CardTheme' is from 'pack
age:flutter/src/material/car
d_theme.dart' ('/C:/flutter/
packages/flutter/lib/src/mat
erial/card_theme.dart').
 - 'CardThemeData' is from '
package:flutter/src/material
/card_theme.dart' ('/C:/flut
ter/packages/flutter/lib/src
/material/card_theme.dart').
      cardTheme: CardTheme(
                 ^
Target 
kernel_snapshot_program 
failed: Exception


> Task :app:compileFlutterBuildDebug FAILED

[Incubating] Problems report is available at: file:///C:/Users/natac/Desktop/juego/build/reports/problems/problems-report.html

FAILURE: Build failed with 
an exception.

* What went wrong:
Execution failed for task ':
app:compileFlutterBuildDebug
'.
> Process 'command 'C:\flutt
er\bin\flutter.bat'' 
finished with non-zero exit 
value 1

* Try:
> Run with --stacktrace 
option to get the stack 
trace.
> Run with --info or 
--debug option to get more 
log output.
> Run with --scan to get 
full insights.
> Get more help at 
https://help.gradle.org.

Deprecated Gradle features were used in this build, making it incompatible with Gradle 9.0.

You can use '--warning-mode all' to show the individual deprecation warnings and determine if they come from your own scripts or plugins.

For more on this, please refer to https://docs.gradle.org/8.14/userguide/command_line_interface.html#sec:command_line_warnings in the Gradle documentation.

BUILD FAILED in 12s
6 actionable tasks: 2 executed, 4 up-to-date
